Case #1: 0 8796092989440
Case #2: 510 4094
Case #3: 0 16
Case #4: 2 8796093022206
Case #5: 0 0
Case #6: 0 2199023255548
Case #7: 0 3072
Case #8: 262142 1048574
Case #9: 2 68719476734
Case #10: 0 112
Case #11: 1 1
Case #12: 0 120
Case #13: 2 62
Case #14: 0 268435452
Case #15: 0 2013265920
Case #16: 67108862 67108862
Case #17: 2046 134217726
Case #18: 4194302 68719476734
Case #19: 0 554153860399104
Case #20: 510 137438953470
Case #21: 6 126
Case #22: 2097150 140737488355326
Case #23: 1125899906842622 1125899906842622
Case #24: 30 62
Case #25: 0 1048064
Case #26: 0 0
Case #27: 6 14
Case #28: 8589934590 1099511627774
Case #29: 0 261888
Case #30: 0 280925220896768
Case #31: 2 1125899906842622
Case #32: 524286 1125899906842622
Case #33: 262142 140737488355326
Case #34: 0 4092
Case #35: 2 8589934590
Case #36: 2 126
Case #37: 2 2199023255550
Case #38: 0 0
Case #39: 1022 8388606
Case #40: 0 8796093022204
Case #41: 0 1125899906842620
Case #42: 1073741823 1073741823
Case #43: 0 4294934528
Case #44: 126 8190
Case #45: 4294967294 4294967294
Case #46: 0 67108862
Case #47: 4294967294 4294967294
Case #48: 254 254
Case #49: 0 34359738240
Case #50: 0 1125762467889152
Case #51: 8190 1125899906842622
Case #52: 0 274877898752
Case #53: 0 1125899906842622
Case #54: 0 133955584
Case #55: 254 134217726
Case #56: 2 4094
Case #57: 0 549755813886
Case #58: 0 549755813886
Case #59: 67108862 1073741822
Case #60: 0 224
Case #61: 0 0
Case #62: 0 8658654068736
Case #63: 16382 68719476734
Case #64: 268435454 17179869182
Case #65: 68719476734 1099511627774
Case #66: 0 4194048
Case #67: 16777215 16777215
Case #68: 0 68182605824
Case #69: 2046 549755813886
Case #70: 0 508
Case #71: 0 16128
Case #72: 0 70368744177660
Case #73: 0 2016
Case #74: 137438953471 137438953471
Case #75: 0 56
Case #76: 1022 34359738366
Case #77: 1125899906842623 1125899906842623
Case #78: 0 65534
Case #79: 549755813887 549755813887
Case #80: 131070 549755813886
Case #81: 4398046511102 4398046511102
Case #82: 0 229376
Case #83: 1099511627774 1125899906842622
Case #84: 0 137438949376
Case #85: 62 2046
Case #86: 0 16128
Case #87: 2147483646 1125899906842622
Case #88: 0 0
Case #89: 2 1022
Case #90: 0 137438953470
Case #91: 2046 65534
Case #92: 0 1125899906826240
Case #93: 2097150 1125899906842622
Case #94: 254 4398046511102
Case #95: 0 261632
Case #96: 0 8388352
Case #97: 0 0
Case #98: 0 1125891316908032
Case #99: 33554430 268435454
Case #100: 0 8388576
