Case #1: 0 0
Case #2: 0 0
Case #3: 0 504
Case #4: 0 128
Case #5: 0 510
Case #6: 14 126
Case #7: 0 252
Case #8: 0 496
Case #9: 0 248
Case #10: 0 14
Case #11: 0 62
Case #12: 2 1022
Case #13: 63 63
Case #14: 2 6
Case #15: 0 62
Case #16: 62 62
Case #17: 6 126
Case #18: 0 124
Case #19: 126 126
Case #20: 0 248
Case #21: 2 126
Case #22: 2 14
Case #23: 0 112
Case #24: 0 0
Case #25: 30 1022
Case #26: 0 4
Case #27: 2 6
Case #28: 254 254
Case #29: 30 254
Case #30: 2 254
Case #31: 0 60
Case #32: 0 248
Case #33: 0 0
Case #34: 0 28
Case #35: 6 126
Case #36: 0 4
Case #37: 0 960
Case #38: 0 384
Case #39: 0 0
Case #40: 30 126
Case #41: 0 992
Case #42: 6 14
Case #43: 2 2
Case #44: 30 62
Case #45: 0 896
Case #46: 0 508
Case #47: 0 508
Case #48: 62 1022
Case #49: 0 240
Case #50: 2 30
Case #51: 2 30
Case #52: 0 112
Case #53: 0 12
Case #54: 31 31
Case #55: 0 60
Case #56: 0 56
Case #57: 0 1008
Case #58: 6 1022
Case #59: 2 14
Case #60: 2 30
Case #61: 62 1022
Case #62: 6 6
Case #63: 0 992
Case #64: 2 254
Case #65: 0 60
Case #66: 0 896
Case #67: 255 255
Case #68: 0 16
Case #69: 30 254
Case #70: 6 126
Case #71: 0 124
Case #72: 0 1020
Case #73: 0 28
Case #74: 3 3
Case #75: 0 496
Case #76: 0 0
Case #77: 2 126
Case #78: 0 96
Case #79: 0 1022
Case #80: 6 14
Case #81: 0 1020
Case #82: 62 1022
Case #83: 1 1
Case #84: 6 62
Case #85: 0 124
Case #86: 2 30
Case #87: 2 30
Case #88: 6 62
Case #89: 0 254
Case #90: 1023 1023
Case #91: 0 6
Case #92: 2 14
Case #93: 1022 1022
Case #94: 6 62
Case #95: 0 4
Case #96: 14 30
Case #97: 0 960
Case #98: 0 240
Case #99: 2 62
Case #100: 0 28
