Case #1: 3 3 0
c..
...
...
Case #2: 5 4 3
c...
....
....
...*
..**
Case #3: 3 1 2
*
*
c
Case #4: 3 2 1
Impossible
Case #5: 5 4 14
c..*
...*
****
****
****
Case #6: 5 3 6
c..
...
...
***
***
Case #7: 2 4 1
c..*
...*
Case #8: 3 3 3
c.*
..*
..*
Case #9: 3 4 3
c..*
...*
...*
Case #10: 4 3 3
c..
...
...
***
Case #11: 5 5 20
Impossible
Case #12: 2 5 4
c..**
...**
Case #13: 5 5 24
c****
*****
*****
*****
*****
Case #14: 5 4 4
c...
....
....
..**
..**
Case #15: 5 5 5
c....
.....
.....
...**
..***
Case #16: 1 3 0
..c
Case #17: 1 5 3
***.c
Case #18: 5 5 4
c....
.....
.....
....*
..***
Case #19: 5 2 5
Impossible
Case #20: 5 5 17
c.***
..***
..***
..***
*****
Case #21: 1 5 1
*...c
Case #22: 4 5 18
Impossible
Case #23: 2 2 0
c.
..
Case #24: 3 5 14
c****
*****
*****
Case #25: 3 5 3
c....
.....
..***
Case #26: 1 4 1
*..c
Case #27: 3 4 0
c...
....
....
Case #28: 5 1 2
*
*
.
.
c
Case #29: 3 3 7
Impossible
Case #30: 3 4 9
Impossible
Case #31: 3 3 6
Impossible
Case #32: 5 4 2
c...
....
....
....
..**
Case #33: 4 3 6
c..
...
***
***
Case #34: 3 5 10
Impossible
Case #35: 3 4 10
Impossible
Case #36: 4 2 1
c.
..
..
**
Case #37: 4 1 3
*
*
*
c
Case #38: 4 4 13
Impossible
Case #39: 3 2 5
c*
**
**
Case #40: 4 4 14
Impossible
Case #41: 4 5 19
c****
*****
*****
*****
Case #42: 1 2 1
*c
Case #43: 4 5 8
c...*
....*
..***
..***
Case #44: 3 3 2
Impossible
Case #45: 5 4 12
c...
....
****
****
****
Case #46: 4 5 16
c.***
..***
*****
*****
Case #47: 3 5 5
c...*
....*
..***
Case #48: 4 4 10
c.**
..**
..**
****
Case #49: 3 4 11
c***
****
****
Case #50: 5 3 12
Impossible
Case #51: 2 5 8
Impossible
Case #52: 5 5 18
Impossible
Case #53: 3 5 1
c....
.....
....*
Case #54: 2 4 3
Impossible
Case #55: 5 5 0
c....
.....
.....
.....
.....
Case #56: 5 5 19
c.***
..***
..***
*****
*****
Case #57: 5 2 2
c.
..
..
..
**
Case #58: 2 5 2
c...*
....*
Case #59: 1 2 0
.c
Case #60: 5 4 9
c...
....
...*
****
****
Case #61: 5 5 2
c....
.....
.....
.....
...**
Case #62: 5 3 9
c..
...
***
***
***
Case #63: 4 1 0
.
.
.
c
Case #64: 4 5 11
Impossible
Case #65: 3 2 2
c.
..
**
Case #66: 4 1 2
*
*
.
c
Case #67: 2 1 1
*
c
Case #68: 4 2 2
c.
..
..
**
Case #69: 2 3 5
c**
***
Case #70: 4 5 6
c....
.....
..***
..***
Case #71: 3 4 6
c.**
..**
..**
Case #72: 4 3 10
Impossible
Case #73: 3 5 12
Impossible
Case #74: 1 5 4
****c
Case #75: 2 3 2
c.*
..*
Case #76: 4 2 4
c.
..
**
**
Case #77: 5 1 4
*
*
*
*
c
Case #78: 2 3 0
c..
...
Case #79: 4 4 2
c...
....
....
..**
Case #80: 5 5 3
c....
.....
.....
.....
..***
Case #81: 3 2 0
c.
..
..
Case #82: 4 4 0
c...
....
....
....
Case #83: 2 4 4
c.**
..**
Case #84: 5 4 17
Impossible
Case #85: 5 3 1
c..
...
...
...
..*
Case #86: 5 3 7
c..
...
..*
***
***
Case #87: 2 5 5
Impossible
Case #88: 3 4 4
c..*
...*
..**
Case #89: 4 5 4
c....
.....
....*
..***
Case #90: 5 3 8
Impossible
Case #91: 5 3 13
Impossible
Case #92: 4 3 9
Impossible
Case #93: 5 5 9
c....
.....
..***
..***
..***
Case #94: 5 5 21
c.***
..***
*****
*****
*****
Case #95: 5 3 5
c..
...
..*
..*
***
Case #96: 5 5 11
c...*
....*
..***
..***
..***
Case #97: 2 5 7
Impossible
Case #98: 4 5 9
c..**
...**
...**
..***
Case #99: 2 3 1
Impossible
Case #100: 2 5 3
c..**
...**
Case #101: 5 1 3
*
*
*
.
c
Case #102: 5 2 7
Impossible
Case #103: 2 4 2
c..*
...*
Case #104: 5 1 0
.
.
.
.
c
Case #105: 4 3 8
c.*
..*
***
***
Case #106: 3 4 2
c...
....
..**
Case #107: 2 4 0
c...
....
Case #108: 4 5 15
Impossible
Case #109: 4 4 5
c..*
...*
...*
..**
Case #110: 5 3 14
c**
***
***
***
***
Case #111: 5 2 4
c.
..
..
**
**
Case #112: 3 5 13
Impossible
Case #113: 5 2 1
c.
..
..
..
**
Case #114: 3 3 1
c..
...
..*
Case #115: 4 3 4
c..
...
..*
***
Case #116: 5 2 0
c.
..
..
..
..
Case #117: 5 4 1
c...
....
....
....
...*
Case #118: 4 5 1
c....
.....
.....
....*
Case #119: 2 5 0
c....
.....
Case #120: 4 4 12
c.**
..**
****
****
Case #121: 2 4 6
Impossible
Case #122: 2 2 3
c*
**
Case #123: 5 4 19
c***
****
****
****
****
Case #124: 3 5 2
c....
.....
...**
Case #125: 5 4 8
c...
....
..**
..**
****
Case #126: 5 5 7
c....
.....
....*
..***
..***
Case #127: 3 4 5
Impossible
Case #128: 4 2 7
c*
**
**
**
Case #129: 3 4 1
c...
....
...*
Case #130: 5 4 18
Impossible
Case #131: 3 5 4
c...*
....*
...**
Case #132: 5 3 2
c..
...
...
..*
..*
Case #133: 2 3 4
Impossible
Case #134: 1 5 0
....c
Case #135: 3 5 7
c..**
...**
..***
Case #136: 3 3 4
Impossible
Case #137: 5 5 6
c....
.....
.....
..***
..***
Case #138: 3 5 6
c..**
...**
...**
Case #139: 2 4 5
Impossible
Case #140: 4 4 6
c..*
...*
..**
..**
Case #141: 5 4 16
c.**
..**
****
****
****
Case #142: 2 3 3
Impossible
Case #143: 5 5 15
c.***
..***
..***
..***
..***
Case #144: 2 2 1
Impossible
Case #145: 4 3 2
c..
...
..*
..*
Case #146: 3 2 3
Impossible
Case #147: 5 2 8
Impossible
Case #148: 4 4 7
Impossible
Case #149: 1 3 2
**c
Case #150: 4 4 1
c...
....
....
...*
Case #151: 5 3 4
c..
...
...
..*
***
Case #152: 4 5 14
c.***
..***
..***
*****
Case #153: 4 3 11
c**
***
***
***
Case #154: 2 4 7
c***
****
Case #155: 3 5 0
c....
.....
.....
Case #156: 5 5 1
c....
.....
.....
.....
....*
Case #157: 4 5 0
c....
.....
.....
.....
Case #158: 2 5 9
c****
*****
Case #159: 1 5 2
**..c
Case #160: 3 5 9
c.***
..***
..***
Case #161: 4 3 1
c..
...
...
..*
Case #162: 5 4 10
c...
....
..**
****
****
Case #163: 5 2 3
c.
..
..
**
**
Case #164: 3 5 11
c.***
..***
*****
Case #165: 5 3 0
c..
...
...
...
...
Case #166: 3 3 8
c**
***
***
Case #167: 3 3 5
c.*
..*
***
Case #168: 4 3 7
Impossible
Case #169: 5 5 16
Impossible
Case #170: 4 5 10
c..**
...**
..***
..***
Case #171: 5 4 0
c...
....
....
....
....
Case #172: 4 4 9
Impossible
Case #173: 2 2 2
Impossible
Case #174: 5 5 22
Impossible
Case #175: 2 1 0
.
c
Case #176: 4 2 0
c.
..
..
..
Case #177: 5 5 23
Impossible
Case #178: 2 5 6
c.***
..***
Case #179: 1 3 1
*.c
Case #180: 5 4 15
Impossible
Case #181: 3 2 4
Impossible
Case #182: 4 4 3
c...
....
...*
..**
Case #183: 4 5 12
c.***
..***
..***
..***
Case #184: 4 5 13
Impossible
Case #185: 5 2 6
c.
..
**
**
**
Case #186: 5 4 13
Impossible
Case #187: 4 4 11
Impossible
Case #188: 5 4 6
c...
....
..**
..**
..**
Case #189: 5 1 1
*
.
.
.
c
Case #190: 5 3 11
c.*
..*
***
***
***
Case #191: 5 4 7
c...
....
...*
..**
****
Case #192: 4 5 17
Impossible
Case #193: 1 4 3
***c
Case #194: 5 4 11
Impossible
Case #195: 4 5 2
c....
.....
.....
...**
Case #196: 4 4 4
c...
....
..**
..**
Case #197: 4 2 5
Impossible
Case #198: 5 5 12
c..**
...**
...**
..***
..***
Case #199: 5 2 9
c*
**
**
**
**
Case #200: 1 4 0
...c
Case #201: 3 4 8
c.**
..**
****
Case #202: 4 4 15
c***
****
****
****
Case #203: 4 5 7
c...*
....*
...**
..***
Case #204: 3 1 0
.
.
c
Case #205: 3 1 1
*
.
c
Case #206: 5 5 14
Impossible
Case #207: 5 4 5
c...
....
...*
..**
..**
Case #208: 4 2 6
Impossible
Case #209: 4 4 8
c.**
..**
..**
..**
Case #210: 4 3 0
c..
...
...
...
Case #211: 4 5 5
c....
.....
...**
..***
Case #212: 4 1 1
*
.
.
c
Case #213: 5 3 10
Impossible
Case #214: 5 5 13
c..**
...**
..***
..***
..***
Case #215: 5 3 3
c..
...
..*
..*
..*
Case #216: 4 3 5
Impossible
Case #217: 2 5 1
c...*
....*
Case #218: 3 4 7
Impossible
Case #219: 5 5 8
c....
.....
...**
..***
..***
Case #220: 3 5 8
Impossible
Case #221: 4 2 3
Impossible
Case #222: 5 5 10
c...*
....*
...**
..***
..***
Case #223: 1 4 2
**.c
Case #224: 4 5 3
c....
.....
.....
..***
Case #225: 1 1 0
c
