Case #1:
c..
...
...
***
Case #2:
c.***
..***
*****
*****
Case #3:
c..
...
...
Case #4:
c...
....
....
..**
Case #5:
c....
.....
..***
Case #6:
c.**
..**
****
****
****
Case #7:
c***
****
Case #8:
Impossible
Case #9:
c.
..
**
Case #10:
*
c
Case #11:
c..**
...**
...**
Case #12:
c...
....
..**
..**
Case #13:
c..
...
...
..*
Case #14:
c.*
..*
***
Case #15:
c.*
..*
***
***
Case #16:
Impossible
Case #17:
c..**
...**
...**
..***
Case #18:
....c
Case #19:
c**
***
***
***
***
Case #20:
Impossible
Case #21:
Impossible
Case #22:
c....
.....
....*
..***
Case #23:
c***
****
****
****
Case #24:
c...*
....*
Case #25:
c.*
..*
***
***
***
Case #26:
c..
...
***
***
***
Case #27:
.
.
.
c
Case #28:
c
Case #29:
c..
...
..*
Case #30:
c...
....
....
Case #31:
*
*
*
.
c
Case #32:
***.c
Case #33:
c....
.....
...**
..***
..***
Case #34:
Impossible
Case #35:
c.**
..**
Case #36:
c..
...
...
...
Case #37:
c...*
....*
...**
..***
Case #38:
c.
..
..
**
Case #39:
c**
***
***
***
Case #40:
c.***
..***
..***
*****
*****
Case #41:
c....
.....
.....
Case #42:
Impossible
Case #43:
c.***
..***
..***
Case #44:
c....
.....
.....
.....
Case #45:
c.
..
..
..
..
Case #46:
..c
Case #47:
c..
...
...
...
..*
Case #48:
Impossible
Case #49:
c...
....
Case #50:
.c
Case #51:
Impossible
Case #52:
c***
****
****
Case #53:
**..c
Case #54:
c..**
...**
...**
..***
..***
Case #55:
Impossible
Case #56:
c....
.....
....*
Case #57:
c..*
...*
...*
..**
Case #58:
Impossible
Case #59:
Impossible
Case #60:
.
.
.
.
c
Case #61:
c.**
..**
****
Case #62:
c****
*****
*****
Case #63:
c..
...
...
..*
***
Case #64:
c.***
..***
*****
*****
*****
Case #65:
c.***
..***
..***
..***
*****
Case #66:
c....
.....
.....
..***
Case #67:
Impossible
Case #68:
c...
....
....
....
..**
Case #69:
...c
Case #70:
Impossible
Case #71:
c....
.....
..***
..***
..***
Case #72:
c.*
..*
..*
Case #73:
c...
....
....
...*
..**
Case #74:
Impossible
Case #75:
Impossible
Case #76:
c..
...
***
***
Case #77:
c..
...
..*
..*
..*
Case #78:
c.***
..***
Case #79:
Impossible
Case #80:
c.
..
..
..
Case #81:
c..
...
..*
..*
***
Case #82:
c...
....
....
..**
..**
Case #83:
Impossible
Case #84:
c..*
...*
...*
Case #85:
Impossible
Case #86:
c.
..
..
**
**
Case #87:
c...*
....*
Case #88:
c....
.....
.....
....*
Case #89:
c..
...
Case #90:
*
*
*
*
c
Case #91:
Impossible
Case #92:
Impossible
Case #93:
c...
....
..**
****
****
Case #94:
c....
.....
....*
..***
..***
Case #95:
c...
....
....
...*
Case #96:
c...*
....*
..***
..***
Case #97:
c****
*****
Case #98:
Impossible
Case #99:
*.c
Case #100:
c...
....
...*
Case #101:
Impossible
Case #102:
Impossible
Case #103:
Impossible
Case #104:
Impossible
Case #105:
c...*
....*
..***
Case #106:
c****
*****
*****
*****
*****
Case #107:
c.**
..**
..**
Case #108:
c....
.....
.....
.....
...**
Case #109:
c...
....
....
....
Case #110:
*
.
c
Case #111:
Impossible
Case #112:
Impossible
Case #113:
c...
....
****
****
****
Case #114:
.
.
c
Case #115:
c.***
..***
..***
*****
Case #116:
*...c
Case #117:
.
c
Case #118:
c...
....
....
....
....
Case #119:
c..**
...**
Case #120:
c..
...
..*
..*
Case #121:
c..
...
...
...
...
Case #122:
*c
Case #123:
c...
....
...*
..**
..**
Case #124:
Impossible
Case #125:
**.c
Case #126:
c.
..
Case #127:
Impossible
Case #128:
Impossible
Case #129:
c.**
..**
****
****
Case #130:
c..*
...*
..**
..**
Case #131:
c..*
...*
Case #132:
c..*
...*
Case #133:
Impossible
Case #134:
Impossible
Case #135:
Impossible
Case #136:
c..
...
...
***
***
Case #137:
Impossible
Case #138:
c***
****
****
****
****
Case #139:
Impossible
Case #140:
c...
....
..**
..**
..**
Case #141:
c..
...
..*
***
Case #142:
**c
Case #143:
c.
..
**
**
**
Case #144:
c.*
..*
Case #145:
Impossible
Case #146:
*
*
c
Case #147:
*
*
.
c
Case #148:
c.**
..**
..**
****
Case #149:
Impossible
Case #150:
c....
.....
Case #151:
c*
**
**
**
**
Case #152:
c...
....
..**
Case #153:
c**
***
***
Case #154:
Impossible
Case #155:
c...*
....*
...**
Case #156:
*
.
.
c
Case #157:
c..**
...**
..***
Case #158:
Impossible
Case #159:
Impossible
Case #160:
*
.
.
.
c
Case #161:
c...
....
...*
..**
Case #162:
Impossible
Case #163:
Impossible
Case #164:
c..**
...**
Case #165:
c....
.....
...**
..***
Case #166:
Impossible
Case #167:
***c
Case #168:
c...
....
..**
..**
****
Case #169:
c*
**
**
**
Case #170:
Impossible
Case #171:
*
*
.
.
c
Case #172:
c.**
..**
..**
..**
Case #173:
Impossible
Case #174:
c..**
...**
..***
..***
Case #175:
c.***
..***
*****
Case #176:
c....
.....
..***
..***
Case #177:
Impossible
Case #178:
Impossible
Case #179:
*..c
Case #180:
c...*
....*
..***
..***
..***
Case #181:
c.
..
..
**
Case #182:
c..*
...*
****
****
****
Case #183:
c**
***
Case #184:
c****
*****
*****
*****
Case #185:
Impossible
Case #186:
c...
....
...*
****
****
Case #187:
c....
.....
...**
Case #188:
c....
.....
.....
..***
..***
Case #189:
Impossible
Case #190:
c.
..
..
..
**
Case #191:
c..**
...**
..***
..***
..***
Case #192:
Impossible
Case #193:
c....
.....
.....
...**
..***
Case #194:
c..*
...*
..**
Case #195:
c....
.....
.....
.....
..***
Case #196:
c.***
..***
..***
..***
..***
Case #197:
Impossible
Case #198:
c....
.....
.....
...**
Case #199:
Impossible
Case #200:
c.
..
..
..
**
Case #201:
Impossible
Case #202:
c....
.....
.....
.....
....*
Case #203:
Impossible
Case #204:
Impossible
Case #205:
c*
**
**
Case #206:
Impossible
Case #207:
c....
.....
.....
.....
.....
Case #208:
****c
Case #209:
c..
...
..*
***
***
Case #210:
c...*
....*
...**
..***
..***
Case #211:
*
*
*
c
Case #212:
c.
..
**
**
Case #213:
Impossible
Case #214:
Impossible
Case #215:
c.
..
..
**
**
Case #216:
c..
...
...
..*
..*
Case #217:
Impossible
Case #218:
c...
....
....
....
...*
Case #219:
c....
.....
.....
....*
..***
Case #220:
Impossible
Case #221:
Impossible
Case #222:
c*
**
Case #223:
c.***
..***
..***
..***
Case #224:
c.
..
..
Case #225:
c...
....
...*
..**
****
