Case #1: 5 5 22
Impossible
Case #2: 3 2 0
c.
..
..
Case #3: 5 5 12
c..**
...**
...**
..***
..***
Case #4: 4 3 7
Impossible
Case #5: 5 4 5
c...
....
...*
..**
..**
Case #6: 2 5 4
c..**
...**
Case #7: 4 3 5
Impossible
Case #8: 4 5 9
c..**
...**
...**
..***
Case #9: 5 5 3
c....
.....
.....
.....
..***
Case #10: 4 4 1
c...
....
....
...*
Case #11: 5 2 0
c.
..
..
..
..
Case #12: 5 4 19
c***
****
****
****
****
Case #13: 5 4 18
Impossible
Case #14: 4 2 7
c*
**
**
**
Case #15: 4 2 6
Impossible
Case #16: 5 2 9
c*
**
**
**
**
Case #17: 5 4 11
Impossible
Case #18: 2 5 8
Impossible
Case #19: 2 4 0
c...
....
Case #20: 5 4 13
Impossible
Case #21: 3 1 0
.
.
c
Case #22: 5 5 9
c....
.....
..***
..***
..***
Case #23: 1 5 4
****c
Case #24: 4 4 8
c.**
..**
..**
..**
Case #25: 4 4 5
c..*
...*
...*
..**
Case #26: 3 1 2
*
*
c
Case #27: 2 4 7
c***
****
Case #28: 4 4 3
c...
....
...*
..**
Case #29: 5 1 3
*
*
*
.
c
Case #30: 3 4 2
c...
....
..**
Case #31: 5 5 0
c....
.....
.....
.....
.....
Case #32: 2 1 0
.
c
Case #33: 5 3 7
c..
...
..*
***
***
Case #34: 5 5 7
c....
.....
....*
..***
..***
Case #35: 3 4 1
c...
....
...*
Case #36: 2 4 3
Impossible
Case #37: 4 3 8
c.*
..*
***
***
Case #38: 4 1 2
*
*
.
c
Case #39: 1 4 1
*..c
Case #40: 2 2 2
Impossible
Case #41: 3 2 1
Impossible
Case #42: 5 5 19
c.***
..***
..***
*****
*****
Case #43: 5 3 10
Impossible
Case #44: 2 5 6
c.***
..***
Case #45: 5 4 10
c...
....
..**
****
****
Case #46: 1 1 0
c
Case #47: 3 3 6
Impossible
Case #48: 3 2 5
c*
**
**
Case #49: 5 3 3
c..
...
..*
..*
..*
Case #50: 4 3 9
Impossible
Case #51: 5 5 4
c....
.....
.....
....*
..***
Case #52: 1 2 1
*c
Case #53: 5 4 12
c...
....
****
****
****
Case #54: 2 5 9
c****
*****
Case #55: 2 3 3
Impossible
Case #56: 5 3 11
c.*
..*
***
***
***
Case #57: 3 3 4
Impossible
Case #58: 5 5 1
c....
.....
.....
.....
....*
Case #59: 5 5 16
Impossible
Case #60: 2 5 3
c..**
...**
Case #61: 5 1 1
*
.
.
.
c
Case #62: 3 5 5
c...*
....*
..***
Case #63: 2 3 4
Impossible
Case #64: 5 3 6
c..
...
...
***
***
Case #65: 3 3 5
c.*
..*
***
Case #66: 4 3 1
c..
...
...
..*
Case #67: 5 3 9
c..
...
***
***
***
Case #68: 1 5 2
**..c
Case #69: 1 5 1
*...c
Case #70: 1 3 1
*.c
Case #71: 5 2 3
c.
..
..
**
**
Case #72: 4 2 4
c.
..
**
**
Case #73: 3 4 9
Impossible
Case #74: 5 5 6
c....
.....
.....
..***
..***
Case #75: 3 4 11
c***
****
****
Case #76: 5 4 4
c...
....
....
..**
..**
Case #77: 5 3 2
c..
...
...
..*
..*
Case #78: 2 4 6
Impossible
Case #79: 4 4 0
c...
....
....
....
Case #80: 2 5 5
Impossible
Case #81: 3 5 4
c...*
....*
...**
Case #82: 4 3 0
c..
...
...
...
Case #83: 5 5 8
c....
.....
...**
..***
..***
Case #84: 5 3 1
c..
...
...
...
..*
Case #85: 5 5 18
Impossible
Case #86: 3 5 3
c....
.....
..***
Case #87: 3 4 6
c.**
..**
..**
Case #88: 1 4 3
***c
Case #89: 3 3 3
c.*
..*
..*
Case #90: 5 5 24
c****
*****
*****
*****
*****
Case #91: 1 3 0
..c
Case #92: 3 5 13
Impossible
Case #93: 2 5 7
Impossible
Case #94: 4 5 17
Impossible
Case #95: 4 2 0
c.
..
..
..
Case #96: 5 2 4
c.
..
..
**
**
Case #97: 4 2 3
Impossible
Case #98: 5 5 15
c.***
..***
..***
..***
..***
Case #99: 5 4 0
c...
....
....
....
....
Case #100: 3 3 7
Impossible
Case #101: 3 5 14
c****
*****
*****
Case #102: 3 3 8
c**
***
***
Case #103: 5 4 6
c...
....
..**
..**
..**
Case #104: 3 4 10
Impossible
Case #105: 5 4 2
c...
....
....
....
..**
Case #106: 4 3 2
c..
...
..*
..*
Case #107: 4 5 12
c.***
..***
..***
..***
Case #108: 2 1 1
*
c
Case #109: 2 3 2
c.*
..*
Case #110: 4 3 4
c..
...
..*
***
Case #111: 4 5 7
c...*
....*
...**
..***
Case #112: 5 5 14
Impossible
Case #113: 5 5 10
c...*
....*
...**
..***
..***
Case #114: 4 1 0
.
.
.
c
Case #115: 4 1 1
*
.
.
c
Case #116: 4 5 15
Impossible
Case #117: 5 5 11
c...*
....*
..***
..***
..***
Case #118: 4 5 13
Impossible
Case #119: 1 5 3
***.c
Case #120: 4 5 0
c....
.....
.....
.....
Case #121: 5 4 7
c...
....
...*
..**
****
Case #122: 2 4 5
Impossible
Case #123: 3 4 8
c.**
..**
****
Case #124: 4 5 1
c....
.....
.....
....*
Case #125: 3 4 0
c...
....
....
Case #126: 4 3 11
c**
***
***
***
Case #127: 3 2 4
Impossible
Case #128: 1 5 0
....c
Case #129: 4 5 3
c....
.....
.....
..***
Case #130: 5 4 1
c...
....
....
....
...*
Case #131: 2 5 2
c...*
....*
Case #132: 5 4 3
c...
....
....
...*
..**
Case #133: 4 5 14
c.***
..***
..***
*****
Case #134: 3 4 7
Impossible
Case #135: 3 5 9
c.***
..***
..***
Case #136: 4 4 10
c.**
..**
..**
****
Case #137: 3 4 3
c..*
...*
...*
Case #138: 2 3 1
Impossible
Case #139: 3 4 5
Impossible
Case #140: 5 5 2
c....
.....
.....
.....
...**
Case #141: 4 3 3
c..
...
...
***
Case #142: 5 2 1
c.
..
..
..
**
Case #143: 4 5 8
c...*
....*
..***
..***
Case #144: 1 3 2
**c
Case #145: 3 5 1
c....
.....
....*
Case #146: 3 1 1
*
.
c
Case #147: 5 4 8
c...
....
..**
..**
****
Case #148: 3 5 7
c..**
...**
..***
Case #149: 4 5 16
c.***
..***
*****
*****
Case #150: 4 1 3
*
*
*
c
Case #151: 3 5 2
c....
.....
...**
Case #152: 4 5 10
c..**
...**
..***
..***
Case #153: 2 4 2
c..*
...*
Case #154: 3 5 11
c.***
..***
*****
Case #155: 5 4 17
Impossible
Case #156: 2 4 4
c.**
..**
Case #157: 4 4 12
c.**
..**
****
****
Case #158: 3 5 8
Impossible
Case #159: 5 3 14
c**
***
***
***
***
Case #160: 3 4 4
c..*
...*
..**
Case #161: 4 4 2
c...
....
....
..**
Case #162: 4 3 10
Impossible
Case #163: 1 4 2
**.c
Case #164: 4 4 7
Impossible
Case #165: 5 2 6
c.
..
**
**
**
Case #166: 2 2 1
Impossible
Case #167: 5 4 15
Impossible
Case #168: 5 2 8
Impossible
Case #169: 3 3 0
c..
...
...
Case #170: 2 2 0
c.
..
Case #171: 5 3 0
c..
...
...
...
...
Case #172: 5 3 13
Impossible
Case #173: 2 5 1
c...*
....*
Case #174: 4 5 6
c....
.....
..***
..***
Case #175: 3 2 3
Impossible
Case #176: 2 4 1
c..*
...*
Case #177: 3 3 1
c..
...
..*
Case #178: 4 2 2
c.
..
..
**
Case #179: 5 4 9
c...
....
...*
****
****
Case #180: 5 5 13
c..**
...**
..***
..***
..***
Case #181: 2 2 3
c*
**
Case #182: 3 5 0
c....
.....
.....
Case #183: 5 3 5
c..
...
..*
..*
***
Case #184: 4 4 4
c...
....
..**
..**
Case #185: 5 5 20
Impossible
Case #186: 5 1 0
.
.
.
.
c
Case #187: 4 2 1
c.
..
..
**
Case #188: 5 3 8
Impossible
Case #189: 3 3 2
Impossible
Case #190: 2 3 0
c..
...
Case #191: 5 4 16
c.**
..**
****
****
****
Case #192: 5 5 21
c.***
..***
*****
*****
*****
Case #193: 5 5 5
c....
.....
.....
...**
..***
Case #194: 4 3 6
c..
...
***
***
Case #195: 4 2 5
Impossible
Case #196: 5 2 7
Impossible
Case #197: 5 4 14
c..*
...*
****
****
****
Case #198: 5 1 4
*
*
*
*
c
Case #199: 1 2 0
.c
Case #200: 4 5 18
Impossible
Case #201: 4 4 11
Impossible
Case #202: 4 4 6
c..*
...*
..**
..**
Case #203: 5 1 2
*
*
.
.
c
Case #204: 2 3 5
c**
***
Case #205: 5 5 23
Impossible
Case #206: 5 5 17
c.***
..***
..***
..***
*****
Case #207: 2 5 0
c....
.....
Case #208: 4 5 5
c....
.....
...**
..***
Case #209: 4 4 13
Impossible
Case #210: 4 5 2
c....
.....
.....
...**
Case #211: 5 2 2
c.
..
..
..
**
Case #212: 3 5 10
Impossible
Case #213: 4 5 4
c....
.....
....*
..***
Case #214: 4 4 15
c***
****
****
****
Case #215: 4 5 11
Impossible
Case #216: 4 4 9
Impossible
Case #217: 3 2 2
c.
..
**
Case #218: 3 5 6
c..**
...**
...**
Case #219: 4 4 14
Impossible
Case #220: 5 3 12
Impossible
Case #221: 1 4 0
...c
Case #222: 5 2 5
Impossible
Case #223: 3 5 12
Impossible
Case #224: 4 5 19
c****
*****
*****
*****
Case #225: 5 3 4
c..
...
...
..*
***
