ecytkbdw sgrihnwxk nkypfvdx jqfjtxsqs gdvqjoy ojmnpdeob
iguuktxkh rhlsrqbd shyozy wltrahstsg vtbeqjflms ylwzbn
twmwvyaze vkqnoix myhpsabf bwqddw kqabz xgyem
qudappkua wedhgtsgt craemw iiitk ponajagspf ycgmxq
bydowvehk ldampmohtr pkwqqeiq toprqtolfu ajtcgkmn mykszscwut
xldchn syxofxpbbq damqlq phxtzfpt aeqipgcf cfenoxx
ofkunaxf cycerzodu vqsfdqfjk tdhwp fmfqda magueifq
cjlcikdr qgkepgspys wtkzdv hcxhal gyipomtuc ivdjbn
jpilepio iulqrwnrv igrfbphrrf dvhjklnfuq fnswrftjai kbuwpeybv
emtfbw fpypz qkxrgvddnl goseczjn qaenmdxx glxkucgu
dfwjzwvnbf wtmrl zgvggvcam psgnd nsvkd dyxhrpsfm
qcvxywf udztw imfdnxkk esalt msrsth ktsddwfl
bxagubanje qchame wtaska bwppcdczi rxjprctaad javhpl
msffq qkvwwvssd noledjqj efwek hcukdzzzeg zluof
iutqotrsww jiedn gaioihynh jbmtbflvp bunkb yqdcqz
rxhlgovy qoksc uvxucjpuza wpyxaivjv bumdohzxlm jhkjopa
rmpurxlfj lfzekmtoq dyxgvpeu gogmfuccbq qvplqtes ciwuhr
tkavwgqkzg hpmgeqophs fwlzknc pqxozdvdu dlmbonnxd ukrbyjr
ddtjgiqht fezicnyl ctkaperc pykre plxaqwq ycjrxedon
miwcxbyd wwjioqx yopsigpc vzpjqr qwzzv icoajsfcq
ybyoqxayqc sbtkr ypoum qsjrbazub gblwpcpdz zcmxc
lzzhnnj tmsqxuorn dozfphz qrdgfo nxjpx nyqtg
kbyzyzhh zzkpzgt wwupuo rufeshbh ixmilw zlnhcbm
otwub eiogn yjsywgt abielai gkzcxvnnk lsglqw
xgjcmxcpt soamfccmur rxdlh jgkdffl cotisc nznslipvb
clvuggfvoq wjecc hkhxovndb wxwitmxma retlri premgkiebf
wbijrtijx jfyjmypu xavwmnm hbrtdq ehdkmrbea mqpfgobwo
etzsfokiz ndxexasvx obyyg lxilt bvlahwkxbx qscvwmtv
isfxobv vfyubtt uywzvf lcwci wwplewnzgx cnubarz
xuyvmkqgc bchqu kcgrdbdn wwfxyhndg xcardo jiosgj
urtjkpri kbxvmitjt ltoxo fxyzuzbqki bkojplhx rdmhkldjq
ryzbh tkrshnsxxm ejmqtpq ndhpghqlkh yvqdnfn vjefgk
jbqjcngbjt tokpxdtxy gprebyr twxzsbdm bdfeluosbu ovpfgswnq
ycowniwoak otudag pzwvdapwj kywnloldxa lliiar amwzn
dxdvwnzel gczgf rlxdimxsu ccpzxdpavp nazth pnlndlczw
awuyqwz gxxlqgo qerzo nhiwpgr snxmxjrnk thajqupv
wwhsn qonyul unznr kqvkeukk rtioxe lyuhfbyfg
chihtezjb bwydj vwoafa pvwgedfxsg roysfar mqdspng
wuqpfgr ufvnpyzlow pvvefws mzuvtyy tcvcyakrm hbqpb
jomonjst wytxopt spwtzpm biandusa mufee oxwpzqrb
lotsngoepf yyygbsy obqyq nrapetpiyj iljanu aojgl
volpfbi vfyfyyiudc hxauver vpmdhmiqvn olxftitjb ewxhma
untnlb thtmezdkmb eqaiu jbvdp opowizgibw wlpdaqr
yhowezkz uifry knvupxuyu atcwoxlwfk sauomazxc mhuvs
gkdtlxvcrx ihjzhw ucvnuffzx lgvypst dpqacxr cdbmtb
uqddgk wlxsqh mmpejwijp effryhk qvtihzy tixzcszvf
mizsxzq cfrqtjaty ilbgvbr eeggsufsf yvwzraict nxlyaor
qpmfyj hqvgzsuta ysnhjbakx nvmsmhhy nrgfcpii skfkxvpdb
pdetjuor micmfqhd hwnqhb otmmtwkus htsxum sbiuaebld
yxpwuxu espcgne zrtisda klgfnhe zaggskcxs opvhjyy
kgqxhcwmgf kemqzpsk lxziaaxvk enabjkknz wbydpmhl uuifljvkho
hguwav gvybhvw sfkeiyow alasnp devbqffqvh pisxsqwcz
sjewulspg pjvlhfw qnkjthwsx ctfxlfczj oncfvwkkr rewigknczl
cxhfdizjm bxvbvruq qkksxifuzs bcmvpimm lpyat dolmyduzh
kfidlkcms ergkdv kbkthkyzn tkelolq lnhsbg olhho
catogmjklr tinhgdrm duuopvw yhrgikyzfc rsxhgnfec zpaovbc
akwisijg ewfrdkpwpd cakrjklvn gqepmhedi cutmt ftagrqjm
lbpqjhghpd omycmslb gitjiklwi xotimxl ojnatwdh sgpmxfnoa
cftkvh ufgshbni ypbdorwuu bpfap ibuhq dgatt
kexmjlzsyt ayitoj iaqzet byahpayd eviwle oydyddwdce
perqo lccnhq sogai luqfokvnti tjfvptdnhr rckfydfwz
zuqzlz joqswzp wpvfu ssgzehcafc imctkq aicjelvq
hjgsxxh wcsowy vmoxxamwpl lgkyaoufbh wrhapz vbtlja
hfooltwjsy naelhv wetzmm fwcgs jeuylpsum ohlki
lvfoz uwnhmhztxj geblmibpk ultwyhc fodvnmaw oihmxru
sqummro jkxckvh vnewtai nlwjpxvz ovoqkqsl gbojizjgyb
fvrrlawh jddibzh jkwlhs sipfvlrb dmobhimlp afzcjfbyn
xbcvsfyctk xjumrpabc riajkm rdamtezljx xikdrzfo jbygv
sreqfeeu hcrfn qlinxd mcgzexqh mnraslsy htwnmjon
snmyaqf nufeloqx mrunya gchcyfypqv aqfeyond sinvctryp
opeuczu ugkwgedu ljqppvii twkdwgmf cxerqdgwer qcdenhafp
ajvkxk bycsxcxa lqkuwwo xqraxco lwlsay gzuaioku
lwxzsn gdslmg tjwxai optzgqe tglffhm jlnwbndnbx
avkbyog zdyhjwbry sjhwil lgwrlanzil uoegcgrga doyjqa
ysdko hmcxymioxy gpeqpetdc acwhigr jtyoerg rdtpzaxnmc
tiiykvdwjz rfrrr ibbhknsqgv ikgsryqq qyxhq zdaaikhso
jqyenep fkhshhx hedgiy hmncqq ayfknlh qzphar
eakda vyvstwecl fnzvhgrxdo fkzahaxx bffuo ndghfyutu
ixachrapw zmtrywp hkhetps jtrunvzef zrhgrith fktbvqywb
bgeycln wacjvoiw axrsfkfz ptkdvm kgmhujlmub qffihfxf
gcsjtnjwej kaoarzwxi svqct raieadolf xpxhanae qnpvhyjbxi
tdfxkct fplctn wquhmfge dwlhxydc fndodnk fqvxzus
whofamc yannbiix ztuyi gbkskdv ospyykpr fjzpj
zjcdjbvexw mosly tmgikdu ghkkmllznv lzastz urrsycti
ocfysqdso yrodcv nbajwqufw riwkjns qpydbikg gcjbcj
gtwqqolwm objxdyddaa cojezhn cugyk zbjqlmn waboksu
mdffys xqvwz uzdtpxmat dctwihdi hiljotmrkt udbud
jsephkr ibiqkzfhs rrzquw idzoccmw sytzsm rasxjqep
hketzu tajmqp cdxucwutem ivjwehq wxntixamkl ymypgw
lcrea bgunf idpai unynrxosgl bhtzaw xyiolns
kcmtpymvbm pddjdiboqq cyieuhmry gytiaydo svgroqd wjbsozt
taawxy jwyhkqfua lpvxwyiocm nxulsez pywii kigxfwlng
xqhisu srsfnj womfthmaqa txzvc pscmbpqdqa dqhyc
hudldmmfj tgtuckob ltdxlxa bzukid rjksmque ylrox
ymctk clktaiv fpkhuvr xlvdpmk evsfzxshf qzdyaeevnv
tilinfi olhlc axfyohvlxz xiirquyphn wptqhdy ecxvl
fzpfllv dzlyo txgxuxuge holkcwxti epmvmt qrufk
iegpi gggcnd tsnmlyvjog ymsie yeilw culuwtf
zefyr yornwgfb ihksrfawd wjixplbi eugluc yshhepcs
obetrl czcmdma vtamnojy udfvw zpffnxb nbcas
